<?xml version="1.0" encoding="UTF-8"?>
<!-- Generated by org.testng.reporters.JUnitXMLReporter -->
<testsuite ignored="1" hostname="DESKTOP-NRLQRJU" failures="0" tests="1" name="Default test" time="13.748" errors="0" timestamp="2024-02-27T15:10:06 IST">
  <testcase classname="com.qa.tests.SelectHotelPageTest" name="selectHotelPageTitleTest" time="0.016"/>
  <testcase classname="com.qa.tests.SelectHotelPageTest" name="adactinLogoTest" time="0.0">
    <ignored/>
  </testcase> <!-- adactinLogoTest -->
</testsuite> <!-- Default test -->
