<?xml version="1.0" encoding="UTF-8"?>
<testng-results ignored="1" total="2" passed="1" failed="0" skipped="0">
  <reporter-output>
  </reporter-output>
  <suite started-at="2024-02-27T15:09:52 IST" name="Default suite" finished-at="2024-02-27T15:10:06 IST" duration-ms="13748">
    <groups>
    </groups>
    <test started-at="2024-02-27T15:09:52 IST" name="Default test" finished-at="2024-02-27T15:10:06 IST" duration-ms="13748">
      <class name="com.qa.tests.SelectHotelPageTest">
        <test-method is-config="true" signature="setUp()[pri:0, instance:com.qa.tests.SelectHotelPageTest@229c6181]" started-at="2024-02-27T15:09:52 IST" name="setUp" finished-at="2024-02-27T15:10:06 IST" duration-ms="13482" status="PASS">
          <reporter-output>
          </reporter-output>
        </test-method> <!-- setUp -->
        <test-method signature="selectHotelPageTitleTest()[pri:0, instance:com.qa.tests.SelectHotelPageTest@229c6181]" started-at="2024-02-27T15:10:06 IST" name="selectHotelPageTitleTest" finished-at="2024-02-27T15:10:06 IST" duration-ms="16" status="PASS">
          <reporter-output>
          </reporter-output>
        </test-method> <!-- selectHotelPageTitleTest -->
        <test-method is-config="true" signature="tearDown()[pri:0, instance:com.qa.tests.SelectHotelPageTest@229c6181]" started-at="2024-02-27T15:10:06 IST" name="tearDown" finished-at="2024-02-27T15:10:06 IST" duration-ms="195" status="PASS">
          <reporter-output>
          </reporter-output>
        </test-method> <!-- tearDown -->
      </class> <!-- com.qa.tests.SelectHotelPageTest -->
    </test> <!-- Default test -->
  </suite> <!-- Default suite -->
</testng-results>
